[2021-12-16 16:53:37] [ERROR]: Protocol -> decrypt payload error: unknown flag 
[2021-12-16 16:53:52] [ERROR]: Protocol -> decrypt payload error: unknown flag 
[2021-12-16 16:54:07] [WARNING]: 恢复会话失败: Packet timed out , 尝试使用正常流程登录. 
[2021-12-16 16:54:08] [ERROR]: Protocol -> unexpected disconnect: read tcp 172.20.0.2:38382->198.18.3.231:8080: use of closed network connection 
[2021-12-16 16:54:09] [ERROR]: Protocol -> decrypt payload error: unknown flag 
[2021-12-16 16:54:24] [ERROR]: Protocol -> decrypt payload error: unknown flag 
[2021-12-16 16:54:38] [ERROR]: Protocol -> register client failed: Packet timed out 
[2021-12-16 16:54:38] [FATAL]: 登录时发生致命错误: Packet timed out 
[2021-12-16 16:54:49] [ERROR]: Protocol -> decrypt payload error: unknown flag 
[2021-12-16 16:55:04] [ERROR]: Protocol -> decrypt payload error: unknown flag 
[2021-12-16 16:55:19] [FATAL]: 登录时发生致命错误: Packet timed out 
[2021-12-16 16:55:29] [ERROR]: Protocol -> decrypt payload error: unknown flag 
[2021-12-16 16:55:44] [ERROR]: Protocol -> decrypt payload error: unknown flag 
[2021-12-16 16:55:59] [FATAL]: 登录时发生致命错误: Packet timed out 
[2021-12-16 16:56:09] [ERROR]: Protocol -> decrypt payload error: unknown flag 
[2021-12-16 16:56:24] [ERROR]: Protocol -> decrypt payload error: unknown flag 
[2021-12-16 16:56:39] [FATAL]: 登录时发生致命错误: Packet timed out 
[2021-12-16 16:56:39] [ERROR]: Protocol -> unexpected disconnect: read tcp 172.20.0.2:38490->198.18.3.231:8080: use of closed network connection 
[2021-12-16 16:56:49] [ERROR]: Protocol -> decrypt payload error: unknown flag 
[2021-12-16 16:57:04] [ERROR]: Protocol -> decrypt payload error: unknown flag 
[2021-12-16 16:57:19] [FATAL]: 登录时发生致命错误: Packet timed out 
[2021-12-16 16:57:29] [ERROR]: Protocol -> decrypt payload error: unknown flag 
[2021-12-16 16:57:44] [ERROR]: Protocol -> decrypt payload error: unknown flag 
[2021-12-16 16:57:59] [FATAL]: 登录时发生致命错误: Packet timed out 
[2021-12-16 16:58:09] [ERROR]: Protocol -> decrypt payload error: unknown flag 
[2021-12-16 16:58:24] [ERROR]: Protocol -> decrypt payload error: unknown flag 
[2021-12-16 16:58:39] [FATAL]: 登录时发生致命错误: Packet timed out 
[2021-12-16 16:58:50] [ERROR]: Protocol -> decrypt payload error: unknown flag 
[2021-12-16 16:59:05] [ERROR]: Protocol -> decrypt payload error: unknown flag 
[2021-12-16 16:59:20] [FATAL]: 登录时发生致命错误: Packet timed out 
[2021-12-16 16:59:30] [ERROR]: Protocol -> decrypt payload error: unknown flag 
[2021-12-16 16:59:45] [ERROR]: Protocol -> decrypt payload error: unknown flag 
[2021-12-16 17:00:00] [FATAL]: 登录时发生致命错误: Packet timed out 
[2021-12-16 17:00:09] [ERROR]: Protocol -> decrypt payload error: unknown flag 
[2021-12-16 17:00:24] [ERROR]: Protocol -> decrypt payload error: unknown flag 
[2021-12-16 17:00:39] [FATAL]: 登录时发生致命错误: Packet timed out 
[2021-12-16 17:00:50] [ERROR]: Protocol -> decrypt payload error: unknown flag 
[2021-12-16 17:01:05] [ERROR]: Protocol -> decrypt payload error: unknown flag 
[2021-12-16 17:01:19] [FATAL]: 登录时发生致命错误: Packet timed out 
[2021-12-16 17:01:30] [ERROR]: Protocol -> decrypt payload error: unknown flag 
[2021-12-16 17:01:45] [ERROR]: Protocol -> decrypt payload error: unknown flag 
[2021-12-16 17:02:00] [FATAL]: 登录时发生致命错误: Packet timed out 
[2021-12-16 17:02:00] [ERROR]: Protocol -> unexpected disconnect: read tcp 172.20.0.2:38716->198.18.3.231:8080: use of closed network connection 
[2021-12-16 17:02:12] [ERROR]: Protocol -> decrypt payload error: unknown flag 
[2021-12-16 17:02:27] [ERROR]: Protocol -> decrypt payload error: unknown flag 
[2021-12-16 17:02:42] [FATAL]: 登录时发生致命错误: Packet timed out 
[2021-12-16 17:02:54] [ERROR]: Protocol -> decrypt payload error: unknown flag 
[2021-12-16 17:03:09] [ERROR]: Protocol -> decrypt payload error: unknown flag 
[2021-12-16 17:03:24] [FATAL]: 登录时发生致命错误: Packet timed out 
[2021-12-16 17:03:24] [ERROR]: Protocol -> unexpected disconnect: read tcp 172.20.0.2:38784->198.18.3.231:8080: use of closed network connection 
[2021-12-16 17:03:34] [FATAL]: 账号被冻结 
[2021-12-16 17:03:45] [ERROR]: Protocol -> decrypt payload error: unknown flag 
[2021-12-16 17:04:00] [ERROR]: Protocol -> decrypt payload error: unknown flag 
[2021-12-16 17:04:15] [FATAL]: 登录时发生致命错误: Packet timed out 
[2021-12-16 17:04:25] [ERROR]: Protocol -> decrypt payload error: unknown flag 
[2021-12-16 17:04:40] [ERROR]: Protocol -> decrypt payload error: unknown flag 
[2021-12-16 17:04:55] [FATAL]: 登录时发生致命错误: Packet timed out 
[2021-12-16 17:05:06] [ERROR]: Protocol -> decrypt payload error: unknown flag 
[2021-12-16 17:05:21] [ERROR]: Protocol -> decrypt payload error: unknown flag 
[2021-12-16 17:05:35] [FATAL]: 登录时发生致命错误: Packet timed out 
[2021-12-16 17:05:46] [FATAL]: 账号被冻结 
[2021-12-16 17:05:56] [ERROR]: Protocol -> decrypt payload error: unknown flag 
[2021-12-16 17:06:11] [ERROR]: Protocol -> decrypt payload error: unknown flag 
[2021-12-16 17:06:26] [FATAL]: 登录时发生致命错误: Packet timed out 
[2021-12-16 17:06:38] [ERROR]: Protocol -> decrypt payload error: unknown flag 
[2021-12-16 17:06:53] [ERROR]: Protocol -> decrypt payload error: unknown flag 
[2021-12-16 17:07:08] [FATAL]: 登录时发生致命错误: Packet timed out 
[2021-12-16 17:07:18] [ERROR]: Protocol -> decrypt payload error: unknown flag 
[2021-12-16 17:07:33] [ERROR]: Protocol -> decrypt payload error: unknown flag 
[2021-12-16 17:07:48] [FATAL]: 登录时发生致命错误: Packet timed out 
[2021-12-16 17:07:58] [ERROR]: Protocol -> decrypt payload error: unknown flag 
[2021-12-16 17:08:13] [ERROR]: Protocol -> decrypt payload error: unknown flag 
[2021-12-16 17:08:28] [FATAL]: 登录时发生致命错误: Packet timed out 
[2021-12-16 17:08:38] [ERROR]: Protocol -> decrypt payload error: unknown flag 
[2021-12-16 17:08:53] [ERROR]: Protocol -> decrypt payload error: unknown flag 
[2021-12-16 17:09:08] [FATAL]: 登录时发生致命错误: Packet timed out 
[2021-12-16 17:09:23] [ERROR]: Protocol -> decrypt payload error: unknown flag 
[2021-12-16 17:09:38] [ERROR]: Protocol -> decrypt payload error: unknown flag 
[2021-12-16 17:09:53] [FATAL]: 登录时发生致命错误: Packet timed out 
[2021-12-16 17:10:03] [ERROR]: Protocol -> decrypt payload error: unknown flag 
[2021-12-16 17:10:18] [ERROR]: Protocol -> decrypt payload error: unknown flag 
[2021-12-16 17:10:33] [FATAL]: 登录时发生致命错误: Packet timed out 
[2021-12-16 17:10:42] [ERROR]: Protocol -> decrypt payload error: unknown flag 
[2021-12-16 17:10:57] [ERROR]: Protocol -> decrypt payload error: unknown flag 
[2021-12-16 17:11:12] [FATAL]: 登录时发生致命错误: Packet timed out 
[2021-12-16 17:11:22] [ERROR]: Protocol -> decrypt payload error: unknown flag 
[2021-12-16 17:11:37] [ERROR]: Protocol -> decrypt payload error: unknown flag 
[2021-12-16 17:11:51] [FATAL]: 登录时发生致命错误: Packet timed out 
[2021-12-16 17:11:51] [ERROR]: Protocol -> unexpected disconnect: read tcp 172.20.0.2:39276->109.244.170.159:8080: use of closed network connection 
[2021-12-16 17:12:01] [ERROR]: Protocol -> decrypt payload error: unknown flag 
[2021-12-16 17:12:16] [ERROR]: Protocol -> decrypt payload error: unknown flag 
[2021-12-16 17:12:31] [FATAL]: 登录时发生致命错误: Packet timed out 
[2021-12-16 17:12:31] [ERROR]: Protocol -> unexpected disconnect: read tcp 172.20.0.2:39214->198.18.3.231:8080: use of closed network connection 
[2021-12-16 17:12:40] [ERROR]: Protocol -> decrypt payload error: unknown flag 
[2021-12-16 17:12:55] [ERROR]: Protocol -> decrypt payload error: unknown flag 
[2021-12-16 17:13:10] [FATAL]: 登录时发生致命错误: Packet timed out 
[2021-12-16 17:13:20] [ERROR]: Protocol -> decrypt payload error: unknown flag 
[2021-12-16 17:13:35] [ERROR]: Protocol -> decrypt payload error: unknown flag 
[2021-12-16 17:13:50] [FATAL]: 登录时发生致命错误: Packet timed out 
[2021-12-16 17:14:00] [ERROR]: Protocol -> decrypt payload error: unknown flag 
[2021-12-16 17:14:15] [ERROR]: Protocol -> decrypt payload error: unknown flag 
[2021-12-16 17:14:29] [FATAL]: 登录时发生致命错误: Packet timed out 
[2021-12-16 17:14:29] [ERROR]: Protocol -> unexpected disconnect: read tcp 172.20.0.2:39298->198.18.3.231:8080: use of closed network connection 
[2021-12-16 17:14:39] [ERROR]: Protocol -> decrypt payload error: unknown flag 
[2021-12-16 17:14:54] [ERROR]: Protocol -> decrypt payload error: unknown flag 
[2021-12-16 17:15:09] [FATAL]: 登录时发生致命错误: Packet timed out 
[2021-12-16 17:15:18] [ERROR]: Protocol -> decrypt payload error: unknown flag 
[2021-12-16 17:15:33] [ERROR]: Protocol -> decrypt payload error: unknown flag 
[2021-12-16 17:15:48] [FATAL]: 登录时发生致命错误: Packet timed out 
[2021-12-16 17:15:57] [FATAL]: 账号被冻结 
[2021-12-16 17:16:06] [ERROR]: Protocol -> decrypt payload error: unknown flag 
[2021-12-16 17:16:21] [ERROR]: Protocol -> decrypt payload error: unknown flag 
[2021-12-16 17:16:36] [FATAL]: 登录时发生致命错误: Packet timed out 
[2021-12-16 17:16:43] [ERROR]: Protocol -> decrypt payload error: unknown flag 
[2021-12-16 17:16:58] [ERROR]: Protocol -> decrypt payload error: unknown flag 
[2021-12-16 17:17:13] [FATAL]: 登录时发生致命错误: Packet timed out 
[2021-12-16 17:17:13] [ERROR]: Protocol -> unexpected disconnect: read tcp 172.20.0.2:39438->198.18.3.231:8080: use of closed network connection 
[2021-12-16 17:17:21] [ERROR]: Protocol -> decrypt payload error: unknown flag 
[2021-12-16 17:17:36] [ERROR]: Protocol -> decrypt payload error: unknown flag 
[2021-12-16 17:17:51] [FATAL]: 登录时发生致命错误: Packet timed out 
[2021-12-16 17:17:58] [ERROR]: Protocol -> decrypt payload error: unknown flag 
[2021-12-16 17:18:13] [ERROR]: Protocol -> decrypt payload error: unknown flag 
[2021-12-16 17:18:28] [FATAL]: 登录时发生致命错误: Packet timed out 
[2021-12-16 17:18:34] [ERROR]: Protocol -> decrypt payload error: unknown flag 
[2021-12-16 17:18:49] [ERROR]: Protocol -> decrypt payload error: unknown flag 
[2021-12-16 17:19:04] [FATAL]: 登录时发生致命错误: Packet timed out 
[2021-12-16 17:19:04] [ERROR]: Protocol -> unexpected disconnect: read tcp 172.20.0.2:39522->198.18.3.231:8080: use of closed network connection 
[2021-12-16 17:19:11] [ERROR]: Protocol -> decrypt payload error: unknown flag 
[2021-12-16 17:19:26] [ERROR]: Protocol -> decrypt payload error: unknown flag 
[2021-12-16 17:19:40] [FATAL]: 登录时发生致命错误: Packet timed out 
[2021-12-16 17:19:40] [ERROR]: Protocol -> unexpected disconnect: read tcp 172.20.0.2:54028->109.244.168.240:8080: use of closed network connection 
[2021-12-16 17:19:47] [ERROR]: Protocol -> decrypt payload error: unknown flag 
[2021-12-16 17:20:02] [ERROR]: Protocol -> decrypt payload error: unknown flag 
[2021-12-16 17:20:17] [FATAL]: 登录时发生致命错误: Packet timed out 
[2021-12-16 17:20:24] [ERROR]: Protocol -> decrypt payload error: unknown flag 
[2021-12-16 17:20:39] [ERROR]: Protocol -> decrypt payload error: unknown flag 
[2021-12-16 17:20:54] [FATAL]: 登录时发生致命错误: Packet timed out 
[2021-12-16 17:21:00] [ERROR]: Protocol -> decrypt payload error: unknown flag 
[2021-12-16 17:21:15] [ERROR]: Protocol -> decrypt payload error: unknown flag 
[2021-12-16 17:21:30] [FATAL]: 登录时发生致命错误: Packet timed out 
[2021-12-16 17:21:37] [ERROR]: Protocol -> decrypt payload error: unknown flag 
[2021-12-16 17:21:52] [ERROR]: Protocol -> decrypt payload error: unknown flag 
[2021-12-16 17:22:07] [FATAL]: 登录时发生致命错误: Packet timed out 
[2021-12-16 17:22:14] [ERROR]: Protocol -> decrypt payload error: unknown flag 
[2021-12-16 17:22:29] [ERROR]: Protocol -> decrypt payload error: unknown flag 
[2021-12-16 17:22:44] [FATAL]: 登录时发生致命错误: Packet timed out 
[2021-12-16 17:22:50] [FATAL]: 账号被冻结 
[2021-12-16 17:22:56] [ERROR]: Protocol -> decrypt payload error: unknown flag 
[2021-12-16 17:23:11] [ERROR]: Protocol -> decrypt payload error: unknown flag 
[2021-12-16 17:23:26] [FATAL]: 登录时发生致命错误: Packet timed out 
[2021-12-16 17:23:33] [FATAL]: 账号被冻结 
[2021-12-16 17:23:39] [ERROR]: Protocol -> decrypt payload error: unknown flag 
[2021-12-16 17:23:54] [ERROR]: Protocol -> decrypt payload error: unknown flag 
[2021-12-16 17:24:09] [FATAL]: 登录时发生致命错误: Packet timed out 
[2021-12-16 17:24:15] [ERROR]: Protocol -> decrypt payload error: unknown flag 
[2021-12-16 17:24:30] [ERROR]: Protocol -> decrypt payload error: unknown flag 
[2021-12-16 17:24:45] [FATAL]: 登录时发生致命错误: Packet timed out 
[2021-12-16 17:24:51] [ERROR]: Protocol -> decrypt payload error: unknown flag 
[2021-12-16 17:25:06] [ERROR]: Protocol -> decrypt payload error: unknown flag 
[2021-12-16 17:25:21] [FATAL]: 登录时发生致命错误: Packet timed out 
[2021-12-16 17:25:27] [ERROR]: Protocol -> decrypt payload error: unknown flag 
[2021-12-16 17:25:42] [ERROR]: Protocol -> decrypt payload error: unknown flag 
[2021-12-16 17:25:57] [FATAL]: 登录时发生致命错误: Packet timed out 
[2021-12-16 17:26:03] [ERROR]: Protocol -> decrypt payload error: unknown flag 
[2021-12-16 17:26:18] [ERROR]: Protocol -> decrypt payload error: unknown flag 
[2021-12-16 17:26:33] [FATAL]: 登录时发生致命错误: Packet timed out 
[2021-12-16 17:26:39] [ERROR]: Protocol -> decrypt payload error: unknown flag 
[2021-12-16 17:26:54] [ERROR]: Protocol -> decrypt payload error: unknown flag 
[2021-12-16 17:27:09] [FATAL]: 登录时发生致命错误: Packet timed out 
[2021-12-16 17:27:17] [ERROR]: Protocol -> decrypt payload error: unknown flag 
[2021-12-16 17:27:31] [ERROR]: Protocol -> decrypt payload error: unknown flag 
[2021-12-16 17:27:46] [FATAL]: 登录时发生致命错误: Packet timed out 
[2021-12-16 17:27:53] [ERROR]: Protocol -> decrypt payload error: unknown flag 
[2021-12-16 17:28:08] [ERROR]: Protocol -> decrypt payload error: unknown flag 
[2021-12-16 17:28:23] [FATAL]: 登录时发生致命错误: Packet timed out 
[2021-12-16 17:28:23] [ERROR]: Protocol -> unexpected disconnect: read tcp 172.20.0.2:40000->198.18.3.231:8080: use of closed network connection 
[2021-12-16 17:28:29] [ERROR]: Protocol -> decrypt payload error: unknown flag 
[2021-12-16 17:28:44] [ERROR]: Protocol -> decrypt payload error: unknown flag 
[2021-12-16 17:28:59] [FATAL]: 登录时发生致命错误: Packet timed out 
[2021-12-16 17:29:05] [ERROR]: Protocol -> decrypt payload error: unknown flag 
[2021-12-16 17:29:20] [ERROR]: Protocol -> decrypt payload error: unknown flag 
[2021-12-16 17:29:35] [FATAL]: 登录时发生致命错误: Packet timed out 
[2021-12-16 17:29:41] [ERROR]: Protocol -> decrypt payload error: unknown flag 
[2021-12-16 17:29:56] [ERROR]: Protocol -> decrypt payload error: unknown flag 
[2021-12-16 17:30:11] [FATAL]: 登录时发生致命错误: Packet timed out 
[2021-12-16 17:30:20] [ERROR]: Protocol -> decrypt payload error: unknown flag 
[2021-12-16 17:30:35] [ERROR]: Protocol -> decrypt payload error: unknown flag 
[2021-12-16 17:30:49] [FATAL]: 登录时发生致命错误: Packet timed out 
[2021-12-16 17:30:49] [ERROR]: Protocol -> unexpected disconnect: read tcp 172.20.0.2:40112->198.18.3.231:8080: use of closed network connection 
[2021-12-16 17:30:56] [ERROR]: Protocol -> decrypt payload error: unknown flag 
[2021-12-16 17:31:11] [ERROR]: Protocol -> decrypt payload error: unknown flag 
[2021-12-16 17:31:26] [FATAL]: 登录时发生致命错误: Packet timed out 
[2021-12-16 17:31:32] [ERROR]: Protocol -> decrypt payload error: unknown flag 
[2021-12-16 17:31:47] [ERROR]: Protocol -> decrypt payload error: unknown flag 
[2021-12-16 17:32:02] [FATAL]: 登录时发生致命错误: Packet timed out 
[2021-12-16 17:32:11] [ERROR]: Protocol -> decrypt payload error: unknown flag 
[2021-12-16 17:32:26] [ERROR]: Protocol -> decrypt payload error: unknown flag 
[2021-12-16 17:32:41] [FATAL]: 登录时发生致命错误: Packet timed out 
[2021-12-16 17:32:47] [ERROR]: Protocol -> decrypt payload error: unknown flag 
[2021-12-16 17:33:02] [ERROR]: Protocol -> decrypt payload error: unknown flag 
[2021-12-16 17:33:17] [FATAL]: 登录时发生致命错误: Packet timed out 
[2021-12-16 17:33:24] [ERROR]: Protocol -> decrypt payload error: unknown flag 
[2021-12-16 17:33:39] [ERROR]: Protocol -> decrypt payload error: unknown flag 
[2021-12-16 17:33:54] [FATAL]: 登录时发生致命错误: Packet timed out 
[2021-12-16 17:34:01] [ERROR]: Protocol -> decrypt payload error: unknown flag 
[2021-12-16 17:34:16] [ERROR]: Protocol -> decrypt payload error: unknown flag 
[2021-12-16 17:34:31] [FATAL]: 登录时发生致命错误: Packet timed out 
[2021-12-16 17:34:38] [FATAL]: 账号被冻结 
[2021-12-16 17:34:45] [ERROR]: Protocol -> decrypt payload error: unknown flag 
[2021-12-16 17:35:00] [ERROR]: Protocol -> decrypt payload error: unknown flag 
[2021-12-16 17:35:15] [FATAL]: 登录时发生致命错误: Packet timed out 
[2021-12-16 17:35:21] [ERROR]: Protocol -> decrypt payload error: unknown flag 
[2021-12-16 17:35:36] [ERROR]: Protocol -> decrypt payload error: unknown flag 
[2021-12-16 17:35:51] [FATAL]: 登录时发生致命错误: Packet timed out 
[2021-12-16 17:35:58] [ERROR]: Protocol -> decrypt payload error: unknown flag 
[2021-12-16 17:36:13] [ERROR]: Protocol -> decrypt payload error: unknown flag 
[2021-12-16 17:36:28] [FATAL]: 登录时发生致命错误: Packet timed out 
[2021-12-16 17:36:35] [ERROR]: Protocol -> decrypt payload error: unknown flag 
[2021-12-16 17:36:50] [ERROR]: Protocol -> decrypt payload error: unknown flag 
[2021-12-16 17:37:05] [FATAL]: 登录时发生致命错误: Packet timed out 
[2021-12-16 17:37:12] [FATAL]: 账号被冻结 
[2021-12-16 17:37:19] [ERROR]: Protocol -> decrypt payload error: unknown flag 
[2021-12-16 17:37:34] [ERROR]: Protocol -> decrypt payload error: unknown flag 
[2021-12-16 17:37:49] [FATAL]: 登录时发生致命错误: Packet timed out 
[2021-12-16 17:37:55] [ERROR]: Protocol -> decrypt payload error: unknown flag 
[2021-12-16 17:38:10] [ERROR]: Protocol -> decrypt payload error: unknown flag 
[2021-12-16 17:38:25] [FATAL]: 登录时发生致命错误: Packet timed out 
[2021-12-16 17:38:31] [ERROR]: Protocol -> decrypt payload error: unknown flag 
[2021-12-16 17:38:46] [ERROR]: Protocol -> decrypt payload error: unknown flag 
[2021-12-16 17:39:01] [FATAL]: 登录时发生致命错误: Packet timed out 
[2021-12-16 17:39:07] [ERROR]: Protocol -> decrypt payload error: unknown flag 
[2021-12-16 17:39:22] [ERROR]: Protocol -> decrypt payload error: unknown flag 
[2021-12-16 17:39:37] [FATAL]: 登录时发生致命错误: Packet timed out 
[2021-12-16 17:39:37] [ERROR]: Protocol -> unexpected disconnect: read tcp 172.20.0.2:40558->198.18.3.231:8080: use of closed network connection 
[2021-12-16 17:39:43] [ERROR]: Protocol -> decrypt payload error: unknown flag 
[2021-12-16 17:39:58] [ERROR]: Protocol -> decrypt payload error: unknown flag 
[2021-12-16 17:40:13] [FATAL]: 登录时发生致命错误: Packet timed out 
[2021-12-16 17:40:19] [ERROR]: Protocol -> decrypt payload error: unknown flag 
[2021-12-16 17:40:34] [ERROR]: Protocol -> decrypt payload error: unknown flag 
[2021-12-16 17:40:49] [FATAL]: 登录时发生致命错误: Packet timed out 
[2021-12-16 17:40:55] [ERROR]: Protocol -> decrypt payload error: unknown flag 
[2021-12-16 17:41:10] [ERROR]: Protocol -> decrypt payload error: unknown flag 
[2021-12-16 17:41:25] [FATAL]: 登录时发生致命错误: Packet timed out 
[2021-12-16 17:41:32] [ERROR]: Protocol -> decrypt payload error: unknown flag 
[2021-12-16 17:41:47] [ERROR]: Protocol -> decrypt payload error: unknown flag 
[2021-12-16 17:42:02] [FATAL]: 登录时发生致命错误: Packet timed out 
[2021-12-16 17:42:08] [ERROR]: Protocol -> decrypt payload error: unknown flag 
[2021-12-16 17:42:23] [ERROR]: Protocol -> decrypt payload error: unknown flag 
[2021-12-16 17:42:38] [FATAL]: 登录时发生致命错误: Packet timed out 
[2021-12-16 17:42:45] [ERROR]: Protocol -> decrypt payload error: unknown flag 
[2021-12-16 17:43:00] [ERROR]: Protocol -> decrypt payload error: unknown flag 
[2021-12-16 17:43:14] [FATAL]: 登录时发生致命错误: Packet timed out 
[2021-12-16 17:43:21] [ERROR]: Protocol -> decrypt payload error: unknown flag 
[2021-12-16 17:43:36] [ERROR]: Protocol -> decrypt payload error: unknown flag 
[2021-12-16 17:43:50] [FATAL]: 登录时发生致命错误: Packet timed out 
[2021-12-16 17:43:57] [ERROR]: Protocol -> decrypt payload error: unknown flag 
[2021-12-16 17:44:12] [ERROR]: Protocol -> decrypt payload error: unknown flag 
[2021-12-16 17:44:27] [FATAL]: 登录时发生致命错误: Packet timed out 
[2021-12-16 17:44:33] [ERROR]: Protocol -> decrypt payload error: unknown flag 
[2021-12-16 17:44:48] [ERROR]: Protocol -> decrypt payload error: unknown flag 
[2021-12-16 17:45:03] [FATAL]: 登录时发生致命错误: Packet timed out 
[2021-12-16 17:45:09] [ERROR]: Protocol -> decrypt payload error: unknown flag 
[2021-12-16 17:45:24] [ERROR]: Protocol -> decrypt payload error: unknown flag 
[2021-12-16 17:45:39] [FATAL]: 登录时发生致命错误: Packet timed out 
[2021-12-16 17:45:45] [ERROR]: Protocol -> decrypt payload error: unknown flag 
[2021-12-16 17:46:00] [ERROR]: Protocol -> decrypt payload error: unknown flag 
[2021-12-16 17:46:15] [FATAL]: 登录时发生致命错误: Packet timed out 
[2021-12-16 17:46:21] [ERROR]: Protocol -> decrypt payload error: unknown flag 
[2021-12-16 17:46:36] [ERROR]: Protocol -> decrypt payload error: unknown flag 
[2021-12-16 17:46:51] [FATAL]: 登录时发生致命错误: Packet timed out 
[2021-12-16 17:46:57] [ERROR]: Protocol -> decrypt payload error: unknown flag 
[2021-12-16 17:47:12] [ERROR]: Protocol -> decrypt payload error: unknown flag 
[2021-12-16 17:47:27] [FATAL]: 登录时发生致命错误: Packet timed out 
[2021-12-16 17:47:34] [ERROR]: Protocol -> decrypt payload error: unknown flag 
[2021-12-16 17:47:49] [ERROR]: Protocol -> decrypt payload error: unknown flag 
[2021-12-16 17:48:03] [FATAL]: 登录时发生致命错误: Packet timed out 
[2021-12-16 17:48:10] [ERROR]: Protocol -> decrypt payload error: unknown flag 
[2021-12-16 17:48:25] [ERROR]: Protocol -> decrypt payload error: unknown flag 
[2021-12-16 17:48:40] [FATAL]: 登录时发生致命错误: Packet timed out 
[2021-12-16 17:48:40] [ERROR]: Protocol -> unexpected disconnect: read tcp 172.20.0.2:40978->198.18.3.231:8080: use of closed network connection 
[2021-12-16 17:48:46] [ERROR]: Protocol -> decrypt payload error: unknown flag 
[2021-12-16 17:49:01] [ERROR]: Protocol -> decrypt payload error: unknown flag 
[2021-12-16 17:49:16] [FATAL]: 登录时发生致命错误: Packet timed out 
[2021-12-16 17:49:22] [ERROR]: Protocol -> decrypt payload error: unknown flag 
[2021-12-16 17:49:37] [ERROR]: Protocol -> decrypt payload error: unknown flag 
[2021-12-16 17:49:52] [FATAL]: 登录时发生致命错误: Packet timed out 
[2021-12-16 17:49:58] [ERROR]: Protocol -> decrypt payload error: unknown flag 
[2021-12-16 17:50:13] [ERROR]: Protocol -> decrypt payload error: unknown flag 
[2021-12-16 17:50:28] [FATAL]: 登录时发生致命错误: Packet timed out 
[2021-12-16 17:50:35] [ERROR]: Protocol -> decrypt payload error: unknown flag 
[2021-12-16 17:50:50] [ERROR]: Protocol -> decrypt payload error: unknown flag 
[2021-12-16 17:51:04] [FATAL]: 登录时发生致命错误: Packet timed out 
[2021-12-16 17:51:11] [ERROR]: Protocol -> decrypt payload error: unknown flag 
[2021-12-16 17:51:26] [ERROR]: Protocol -> decrypt payload error: unknown flag 
[2021-12-16 17:51:41] [FATAL]: 登录时发生致命错误: Packet timed out 
[2021-12-16 17:51:47] [ERROR]: Protocol -> decrypt payload error: unknown flag 
[2021-12-16 17:52:02] [ERROR]: Protocol -> decrypt payload error: unknown flag 
[2021-12-16 17:52:17] [FATAL]: 登录时发生致命错误: Packet timed out 
[2021-12-16 17:52:23] [ERROR]: Protocol -> decrypt payload error: unknown flag 
[2021-12-16 17:52:38] [ERROR]: Protocol -> decrypt payload error: unknown flag 
[2021-12-16 17:52:53] [FATAL]: 登录时发生致命错误: Packet timed out 
[2021-12-16 17:52:53] [ERROR]: Protocol -> unexpected disconnect: read tcp 172.20.0.2:46428->109.244.168.147:8080: use of closed network connection 
[2021-12-16 17:52:59] [ERROR]: Protocol -> decrypt payload error: unknown flag 
[2021-12-16 17:53:14] [ERROR]: Protocol -> decrypt payload error: unknown flag 
[2021-12-16 17:53:29] [FATAL]: 登录时发生致命错误: Packet timed out 
[2021-12-16 17:53:29] [ERROR]: Protocol -> unexpected disconnect: read tcp 172.20.0.2:41208->198.18.3.231:8080: use of closed network connection 
[2021-12-16 17:53:35] [ERROR]: Protocol -> decrypt payload error: unknown flag 
[2021-12-16 17:53:50] [ERROR]: Protocol -> decrypt payload error: unknown flag 
[2021-12-16 17:54:05] [FATAL]: 登录时发生致命错误: Packet timed out 
[2021-12-16 17:54:12] [ERROR]: Protocol -> decrypt payload error: unknown flag 
[2021-12-16 17:54:27] [ERROR]: Protocol -> decrypt payload error: unknown flag 
[2021-12-16 17:54:41] [FATAL]: 登录时发生致命错误: Packet timed out 
[2021-12-16 17:54:48] [ERROR]: Protocol -> decrypt payload error: unknown flag 
[2021-12-16 17:55:03] [ERROR]: Protocol -> decrypt payload error: unknown flag 
[2021-12-16 17:55:17] [FATAL]: 登录时发生致命错误: Packet timed out 
[2021-12-16 17:55:24] [ERROR]: Protocol -> decrypt payload error: unknown flag 
[2021-12-16 17:55:39] [ERROR]: Protocol -> decrypt payload error: unknown flag 
[2021-12-16 17:55:54] [FATAL]: 登录时发生致命错误: Packet timed out 
[2021-12-16 17:56:00] [ERROR]: Protocol -> decrypt payload error: unknown flag 
[2021-12-16 17:56:15] [ERROR]: Protocol -> decrypt payload error: unknown flag 
[2021-12-16 17:56:30] [FATAL]: 登录时发生致命错误: Packet timed out 
[2021-12-16 17:56:36] [ERROR]: Protocol -> decrypt payload error: unknown flag 
[2021-12-16 17:56:51] [ERROR]: Protocol -> decrypt payload error: unknown flag 
[2021-12-16 17:57:06] [FATAL]: 登录时发生致命错误: Packet timed out 
[2021-12-16 17:57:13] [FATAL]: 账号被冻结 
[2021-12-16 17:57:19] [ERROR]: Protocol -> decrypt payload error: unknown flag 
[2021-12-16 17:57:34] [ERROR]: Protocol -> decrypt payload error: unknown flag 
[2021-12-16 17:57:49] [FATAL]: 登录时发生致命错误: Packet timed out 
[2021-12-16 17:57:55] [ERROR]: Protocol -> decrypt payload error: unknown flag 
[2021-12-16 17:58:10] [ERROR]: Protocol -> decrypt payload error: unknown flag 
[2021-12-16 17:58:25] [FATAL]: 登录时发生致命错误: Packet timed out 
[2021-12-16 17:58:31] [ERROR]: Protocol -> decrypt payload error: unknown flag 
[2021-12-16 17:58:46] [ERROR]: Protocol -> decrypt payload error: unknown flag 
[2021-12-16 17:59:01] [FATAL]: 登录时发生致命错误: Packet timed out 
[2021-12-16 17:59:08] [ERROR]: Protocol -> decrypt payload error: unknown flag 
[2021-12-16 17:59:23] [ERROR]: Protocol -> decrypt payload error: unknown flag 
[2021-12-16 17:59:37] [FATAL]: 登录时发生致命错误: Packet timed out 
[2021-12-16 17:59:37] [ERROR]: Protocol -> unexpected disconnect: read tcp 172.20.0.2:45524->109.244.168.204:8080: use of closed network connection 
[2021-12-16 17:59:44] [ERROR]: Protocol -> decrypt payload error: unknown flag 
[2021-12-16 17:59:59] [ERROR]: Protocol -> decrypt payload error: unknown flag 
[2021-12-16 18:00:14] [FATAL]: 登录时发生致命错误: Packet timed out 
[2021-12-16 18:00:20] [ERROR]: Protocol -> decrypt payload error: unknown flag 
[2021-12-16 18:00:35] [ERROR]: Protocol -> decrypt payload error: unknown flag 
[2021-12-16 18:00:50] [FATAL]: 登录时发生致命错误: Packet timed out 
[2021-12-16 18:00:56] [ERROR]: Protocol -> decrypt payload error: unknown flag 
[2021-12-16 18:01:11] [ERROR]: Protocol -> decrypt payload error: unknown flag 
[2021-12-16 18:01:26] [FATAL]: 登录时发生致命错误: Packet timed out 
[2021-12-16 18:01:33] [ERROR]: Protocol -> decrypt payload error: unknown flag 
[2021-12-16 18:01:47] [ERROR]: Protocol -> decrypt payload error: unknown flag 
[2021-12-16 18:02:02] [FATAL]: 登录时发生致命错误: Packet timed out 
[2021-12-16 18:02:09] [ERROR]: Protocol -> decrypt payload error: unknown flag 
[2021-12-16 18:02:24] [ERROR]: Protocol -> decrypt payload error: unknown flag 
[2021-12-16 18:02:39] [FATAL]: 登录时发生致命错误: Packet timed out 
[2021-12-16 18:02:39] [ERROR]: Protocol -> unexpected disconnect: read tcp 172.20.0.2:41658->198.18.3.231:8080: use of closed network connection 
[2021-12-16 18:02:45] [ERROR]: Protocol -> decrypt payload error: unknown flag 
[2021-12-16 18:03:00] [ERROR]: Protocol -> decrypt payload error: unknown flag 
[2021-12-16 18:03:15] [FATAL]: 登录时发生致命错误: Packet timed out 
[2021-12-16 18:03:22] [FATAL]: 账号被冻结 
[2021-12-16 18:03:29] [ERROR]: Protocol -> decrypt payload error: unknown flag 
[2021-12-16 18:03:44] [ERROR]: Protocol -> decrypt payload error: unknown flag 
